{"/Users/matthewstockman/Desktop/TDA/caesar/decode.js": {"path":"/Users/matthewstockman/Desktop/TDA/caesar/decode.js","statementMap":{"0":{"start":{"line":4,"column":19},"end":{"line":4,"column":47}},"1":{"start":{"line":6,"column":17},"end":{"line":31,"column":4}},"2":{"start":{"line":7,"column":4},"end":{"line":10,"column":5}},"3":{"start":{"line":9,"column":6},"end":{"line":9,"column":18}},"4":{"start":{"line":12,"column":24},"end":{"line":12,"column":51}},"5":{"start":{"line":13,"column":26},"end":{"line":13,"column":44}},"6":{"start":{"line":14,"column":26},"end":{"line":14,"column":57}},"7":{"start":{"line":16,"column":4},"end":{"line":27,"column":5}},"8":{"start":{"line":17,"column":23},"end":{"line":17,"column":54}},"9":{"start":{"line":20,"column":27},"end":{"line":20,"column":47}},"10":{"start":{"line":22,"column":22},"end":{"line":24,"column":32}},"11":{"start":{"line":26,"column":6},"end":{"line":26,"column":21}},"12":{"start":{"line":30,"column":4},"end":{"line":30,"column":16}},"13":{"start":{"line":33,"column":2},"end":{"line":33,"column":25}}},"fnMap":{"0":{"name":"decode","decl":{"start":{"line":3,"column":16},"end":{"line":3,"column":22}},"loc":{"start":{"line":3,"column":44},"end":{"line":34,"column":1}},"line":3},"1":{"name":"(anonymous_1)","decl":{"start":{"line":6,"column":41},"end":{"line":6,"column":42}},"loc":{"start":{"line":6,"column":51},"end":{"line":31,"column":3}},"line":6}},"branchMap":{"0":{"loc":{"start":{"line":7,"column":4},"end":{"line":10,"column":5}},"type":"if","locations":[{"start":{"line":7,"column":4},"end":{"line":10,"column":5}},{"start":{},"end":{}}],"line":7},"1":{"loc":{"start":{"line":16,"column":4},"end":{"line":27,"column":5}},"type":"if","locations":[{"start":{"line":16,"column":4},"end":{"line":27,"column":5}},{"start":{},"end":{}}],"line":16},"2":{"loc":{"start":{"line":22,"column":22},"end":{"line":24,"column":32}},"type":"cond-expr","locations":[{"start":{"line":23,"column":10},"end":{"line":23,"column":46}},{"start":{"line":24,"column":10},"end":{"line":24,"column":32}}],"line":22}},"s":{"0":10,"1":10,"2":1461,"3":245,"4":1216,"5":1216,"6":1216,"7":1216,"8":1216,"9":1216,"10":1216,"11":1216,"12":0,"13":10},"f":{"0":10,"1":1461},"b":{"0":[245,1216],"1":[1216,0],"2":[16,1200]},"_coverageSchema":"1a1c01bbd47fc00a2c39e90264f33305004495a9","hash":"224d907f4ef9fdc655b991c914d2b963779a4b3f"}
,"/Users/matthewstockman/Desktop/TDA/caesar/encode.js": {"path":"/Users/matthewstockman/Desktop/TDA/caesar/encode.js","statementMap":{"0":{"start":{"line":4,"column":15},"end":{"line":4,"column":17}},"1":{"start":{"line":6,"column":2},"end":{"line":34,"column":3}},"2":{"start":{"line":7,"column":4},"end":{"line":33,"column":5}},"3":{"start":{"line":9,"column":6},"end":{"line":9,"column":21}},"4":{"start":{"line":11,"column":21},"end":{"line":11,"column":39}},"5":{"start":{"line":12,"column":24},"end":{"line":12,"column":43}},"6":{"start":{"line":15,"column":6},"end":{"line":29,"column":7}},"7":{"start":{"line":16,"column":8},"end":{"line":22,"column":9}},"8":{"start":{"line":18,"column":10},"end":{"line":18,"column":49}},"9":{"start":{"line":19,"column":15},"end":{"line":22,"column":9}},"10":{"start":{"line":21,"column":10},"end":{"line":21,"column":49}},"11":{"start":{"line":23,"column":13},"end":{"line":29,"column":7}},"12":{"start":{"line":25,"column":8},"end":{"line":28,"column":9}},"13":{"start":{"line":27,"column":10},"end":{"line":27,"column":48}},"14":{"start":{"line":31,"column":20},"end":{"line":31,"column":52}},"15":{"start":{"line":32,"column":6},"end":{"line":32,"column":24}},"16":{"start":{"line":35,"column":2},"end":{"line":35,"column":16}}},"fnMap":{"0":{"name":"encode","decl":{"start":{"line":3,"column":16},"end":{"line":3,"column":22}},"loc":{"start":{"line":3,"column":44},"end":{"line":36,"column":1}},"line":3}},"branchMap":{"0":{"loc":{"start":{"line":7,"column":4},"end":{"line":33,"column":5}},"type":"if","locations":[{"start":{"line":7,"column":4},"end":{"line":33,"column":5}},{"start":{"line":10,"column":11},"end":{"line":33,"column":5}}],"line":7},"1":{"loc":{"start":{"line":15,"column":6},"end":{"line":29,"column":7}},"type":"if","locations":[{"start":{"line":15,"column":6},"end":{"line":29,"column":7}},{"start":{"line":23,"column":13},"end":{"line":29,"column":7}}],"line":15},"2":{"loc":{"start":{"line":15,"column":10},"end":{"line":15,"column":43}},"type":"binary-expr","locations":[{"start":{"line":15,"column":10},"end":{"line":15,"column":24}},{"start":{"line":15,"column":28},"end":{"line":15,"column":43}}],"line":15},"3":{"loc":{"start":{"line":16,"column":8},"end":{"line":22,"column":9}},"type":"if","locations":[{"start":{"line":16,"column":8},"end":{"line":22,"column":9}},{"start":{"line":19,"column":15},"end":{"line":22,"column":9}}],"line":16},"4":{"loc":{"start":{"line":19,"column":15},"end":{"line":22,"column":9}},"type":"if","locations":[{"start":{"line":19,"column":15},"end":{"line":22,"column":9}},{"start":{},"end":{}}],"line":19},"5":{"loc":{"start":{"line":23,"column":13},"end":{"line":29,"column":7}},"type":"if","locations":[{"start":{"line":23,"column":13},"end":{"line":29,"column":7}},{"start":{},"end":{}}],"line":23},"6":{"loc":{"start":{"line":23,"column":17},"end":{"line":23,"column":49}},"type":"binary-expr","locations":[{"start":{"line":23,"column":17},"end":{"line":23,"column":31}},{"start":{"line":23,"column":35},"end":{"line":23,"column":49}}],"line":23},"7":{"loc":{"start":{"line":25,"column":8},"end":{"line":28,"column":9}},"type":"if","locations":[{"start":{"line":25,"column":8},"end":{"line":28,"column":9}},{"start":{},"end":{}}],"line":25}},"s":{"0":10,"1":10,"2":1461,"3":245,"4":1216,"5":1216,"6":1216,"7":1200,"8":4,"9":1196,"10":4,"11":16,"12":16,"13":0,"14":1216,"15":1216,"16":10},"f":{"0":10},"b":{"0":[245,1216],"1":[1200,16],"2":[1216,1200],"3":[4,1196],"4":[4,1192],"5":[16,0],"6":[16,16],"7":[0,16]},"_coverageSchema":"1a1c01bbd47fc00a2c39e90264f33305004495a9","hash":"f4b4f8067184e128397bf3137280a89d65f65aa0"}
,"/Users/matthewstockman/Desktop/TDA/caesar/isPunctuationOrSpace.js": {"path":"/Users/matthewstockman/Desktop/TDA/caesar/isPunctuationOrSpace.js","statementMap":{"0":{"start":{"line":3,"column":38},"end":{"line":3,"column":62}},"1":{"start":{"line":5,"column":2},"end":{"line":5,"column":48}}},"fnMap":{"0":{"name":"isPunctuationOrSpace","decl":{"start":{"line":1,"column":16},"end":{"line":1,"column":36}},"loc":{"start":{"line":1,"column":43},"end":{"line":6,"column":1}},"line":1}},"branchMap":{},"s":{"0":2922,"1":2922},"f":{"0":2922},"b":{},"_coverageSchema":"1a1c01bbd47fc00a2c39e90264f33305004495a9","hash":"ce52b9af8451e9cb89197fa5fa3e3c4d0a2690cb"}
}
