TN:
SF:decode.js
FN:3,decode
FN:6,(anonymous_1)
FNF:2
FNH:2
FNDA:10,decode
FNDA:1461,(anonymous_1)
DA:4,10
DA:6,10
DA:7,1461
DA:9,245
DA:12,1216
DA:13,1216
DA:14,1216
DA:16,1216
DA:17,1216
DA:20,1216
DA:22,1216
DA:26,1216
DA:30,0
DA:33,10
LF:14
LH:13
BRDA:7,0,0,245
BRDA:7,0,1,1216
BRDA:16,1,0,1216
BRDA:16,1,1,0
BRDA:22,2,0,16
BRDA:22,2,1,1200
BRF:6
BRH:5
end_of_record
TN:
SF:encode.js
FN:3,encode
FNF:1
FNH:1
FNDA:10,encode
DA:4,10
DA:6,10
DA:7,1461
DA:9,245
DA:11,1216
DA:12,1216
DA:15,1216
DA:16,1200
DA:18,4
DA:19,1196
DA:21,4
DA:23,16
DA:25,16
DA:27,0
DA:31,1216
DA:32,1216
DA:35,10
LF:17
LH:16
BRDA:7,0,0,245
BRDA:7,0,1,1216
BRDA:15,1,0,1200
BRDA:15,1,1,16
BRDA:15,2,0,1216
BRDA:15,2,1,1200
BRDA:16,3,0,4
BRDA:16,3,1,1196
BRDA:19,4,0,4
BRDA:19,4,1,1192
BRDA:23,5,0,16
BRDA:23,5,1,0
BRDA:23,6,0,16
BRDA:23,6,1,16
BRDA:25,7,0,0
BRDA:25,7,1,16
BRF:16
BRH:14
end_of_record
TN:
SF:isPunctuationOrSpace.js
FN:1,isPunctuationOrSpace
FNF:1
FNH:1
FNDA:2922,isPunctuationOrSpace
DA:3,2922
DA:5,2922
LF:2
LH:2
BRF:0
BRH:0
end_of_record
